<?xml version="1.0"?>
<platelaminate>

	<materialProps name="GlassUni" E11="1" E22="1" E33="1" nu12="1" nu13="1" nu23="1" G12="1" G13="1" G23="1" CPT="1" arealDensity="1"/>
	<materialProps name="CarbonUni" E11="10" E22="1" E33="1" nu12="1" nu13="1" nu23="1" G12="1" G13="1" G23="1" CPT="1" arealDensity="1"/>

	<plybook name="Main" n_count="3" sym="True">
		<ply material="GlassUni" orientation="-45" thickness="0.010" />
		<ply material="GlassUni" orientation="45" thickness="0.010" />
	</plybook>

	<plybook name="Other" n_count="1" sym="False">
		<ply material="CarbonUni" orientation="30" thickness="0.005"/>
	</plybook>

</platelaminate>
